\BOOKMARK [0][-]{chapter*.4}{Johdanto}{}% 1
\BOOKMARK [1][-]{section*.5}{Oppaasta}{chapter*.4}% 2
\BOOKMARK [1][-]{section*.6}{\304l\344 H\344t\344ilen historia}{chapter*.4}% 3
\BOOKMARK [1][-]{section*.8}{Pallo hukassa}{chapter*.4}% 4
\BOOKMARK [0][-]{chapter.1}{Stadissa}{}% 5
\BOOKMARK [1][-]{section*.12}{Kaupunki nimelt\344 Helsinki}{chapter.1}% 6
\BOOKMARK [1][-]{section*.22}{J\366r\366ill\344 j\344rsitt\344v\344\344}{chapter.1}% 7
\BOOKMARK [1][-]{section*.52}{Ravintola- ja baariopas}{chapter.1}% 8
\BOOKMARK [1][-]{section*.176}{Quo vadis?}{chapter.1}% 9
\BOOKMARK [1][-]{section*.185}{Kun Stadi kyll\344stytt\344\344\203}{chapter.1}% 10
\BOOKMARK [1][-]{section*.193}{Frank}{chapter.1}% 11
\BOOKMARK [0][-]{chapter.2}{Opintiell\344}{}% 12
\BOOKMARK [1][-]{section*.195}{Opintotuki ja turva}{chapter.2}% 13
\BOOKMARK [1][-]{section*.196}{Miten suoritan tutkintoni?}{chapter.2}% 14
\BOOKMARK [1][-]{section*.199}{Vanhaa tutkintosanastoa uusille}{chapter.2}% 15
\BOOKMARK [1][-]{section*.201}{Uutta tutkintosanastoa vanhoille}{chapter.2}% 16
\BOOKMARK [1][-]{section*.203}{Yliopiston kurssiarvostelu\203}{chapter.2}% 17
\BOOKMARK [1][-]{section*.204}{Opiskelutekniikkaa}{chapter.2}% 18
\BOOKMARK [1][-]{section*.209}{Mik\344 sinusta tulee isona?}{chapter.2}% 19
\BOOKMARK [1][-]{section*.217}{Tiedekunnan rakenne}{chapter.2}% 20
\BOOKMARK [0][-]{chapter.3}{Matemaattiset tieteet}{}% 21
\BOOKMARK [1][-]{section*.220}{Mik\344 matemaattisissa tieteiss\344 vieh\344tt\344\344?}{chapter.3}% 22
\BOOKMARK [1][-]{section*.223}{Matemaatikon paikka ty\366el\344m\344ss\344}{chapter.3}% 23
\BOOKMARK [1][-]{section*.227}{Matemaatikon sanasto}{chapter.3}% 24
\BOOKMARK [1][-]{section*.239}{T\344rkeit\344 kursseja}{chapter.3}% 25
\BOOKMARK [1][-]{section*.255}{Tilastotiede}{chapter.3}% 26
\BOOKMARK [0][-]{chapter.4}{Tietojenk\344sittelytiede}{}% 27
\BOOKMARK [1][-]{section*.269}{Kiehtova TKT}{chapter.4}% 28
\BOOKMARK [1][-]{section*.279}{Tietojenk\344sittelytieteen opinto-opas}{chapter.4}% 29
\BOOKMARK [1][-]{section*.298}{TKT:n kursseja}{chapter.4}% 30
\BOOKMARK [0][-]{chapter.5}{Kemia}{}% 31
\BOOKMARK [1][-]{section*.313}{Chemicum}{chapter.5}% 32
\BOOKMARK [1][-]{section*.315}{Kemian kursseja}{chapter.5}% 33
\BOOKMARK [1][-]{section*.336}{Kemia sivutieteenalana}{chapter.5}% 34
\BOOKMARK [0][-]{chapter.6}{Fysikaaliset tieteet}{}% 35
\BOOKMARK [1][-]{section*.337}{Physicum}{chapter.6}% 36
\BOOKMARK [1][-]{section*.338}{Vinkkicocktail aloittelevalle fyysikolle}{chapter.6}% 37
\BOOKMARK [1][-]{section*.340}{Tutkijapiiri}{chapter.6}% 38
\BOOKMARK [1][-]{section*.342}{Fysiikan k\344yt\344nteet}{chapter.6}% 39
\BOOKMARK [1][-]{section*.348}{Kursseja, kursseja, kursseja}{chapter.6}% 40
\BOOKMARK [1][-]{section*.381}{T\344htitiede}{chapter.6}% 41
\BOOKMARK [1][-]{section*.404}{Meteorologia}{chapter.6}% 42
\BOOKMARK [1][-]{section*.415}{Geofysiikka}{chapter.6}% 43
\BOOKMARK [0][-]{chapter.7}{Geotieteet}{}% 44
\BOOKMARK [1][-]{section*.427}{Geotieteiden opiskelu}{chapter.7}% 45
\BOOKMARK [1][-]{section*.435}{Geotieteiden kursseja}{chapter.7}% 46
\BOOKMARK [0][-]{chapter.8}{Maantiede}{}% 47
\BOOKMARK [1][-]{section*.448}{Maantiede tieteenalana}{chapter.8}% 48
\BOOKMARK [1][-]{section*.454}{Maantieteen kursseja}{chapter.8}% 49
\BOOKMARK [0][-]{chapter.9}{Opettajankoulutus}{}% 50
\BOOKMARK [1][-]{section*.469}{Minustako opettaja?}{chapter.9}% 51
\BOOKMARK [1][-]{section*.482}{Aineenopettajan kursseja}{chapter.9}% 52
\BOOKMARK [0][-]{chapter.10}{Kaikkea muuta}{}% 53
\BOOKMARK [1][-]{section*.494}{Kieliopinnot}{chapter.10}% 54
\BOOKMARK [1][-]{section*.503}{Yleist\344 h\366p\366tyst\344 sivutieteenaloista}{chapter.10}% 55
\BOOKMARK [1][-]{section*.507}{Joopa JOO}{chapter.10}% 56
\BOOKMARK [0][-]{chapter.11}{Opiskelijael\344m\344\344}{}% 57
\BOOKMARK [1][-]{section*.509}{Opiskelijaj\344rjest\366t}{chapter.11}% 58
\BOOKMARK [1][-]{section*.513}{Ainej\344rjest\366el\344m\344\344}{chapter.11}% 59
\BOOKMARK [1][-]{section*.515}{HYY}{chapter.11}% 60
\BOOKMARK [1][-]{section*.522}{Ammattiliitot}{chapter.11}% 61
\BOOKMARK [1][-]{section*.526}{Ty\366el\344m\344 \205 tulevaisuuden utopiaa?}{chapter.11}% 62
\BOOKMARK [1][-]{section*.530}{Limes}{chapter.11}% 63
\BOOKMARK [1][-]{section*.541}{LiXXKe}{chapter.11}% 64
\BOOKMARK [1][-]{section*.551}{Matrix}{chapter.11}% 65
\BOOKMARK [1][-]{section*.553}{Resonanssi}{chapter.11}% 66
\BOOKMARK [1][-]{section*.555}{Moodi}{chapter.11}% 67
\BOOKMARK [1][-]{section*.556}{Helsingin yliopiston kemistit \(HYK\)}{chapter.11}% 68
\BOOKMARK [1][-]{section*.558}{Geysir}{chapter.11}% 69
\BOOKMARK [1][-]{section*.560}{Maantieteen Opiskelijat \(MaO\)}{chapter.11}% 70
\BOOKMARK [1][-]{section*.562}{TKO-\344ly}{chapter.11}% 71
\BOOKMARK [1][-]{section*.564}{HAO}{chapter.11}% 72
\BOOKMARK [1][-]{section*.566}{Spektrum}{chapter.11}% 73
\BOOKMARK [1][-]{section*.569}{Meridiaani}{chapter.11}% 74
\BOOKMARK [1][-]{section*.571}{Synop}{chapter.11}% 75
\BOOKMARK [1][-]{section*.573}{Vasara}{chapter.11}% 76
\BOOKMARK [1][-]{section*.575}{Matlu}{chapter.11}% 77
\BOOKMARK [1][-]{section*.578}{Osakunnat}{chapter.11}% 78
\BOOKMARK [0][-]{chapter.12}{Verkossa}{}% 79
\BOOKMARK [1][-]{section*.583}{Tietotekniikkapalvelut}{chapter.12}% 80
\BOOKMARK [1][-]{section*.591}{Office365}{chapter.12}% 81
\BOOKMARK [1][-]{section*.595}{Tulostaminen}{chapter.12}% 82
\BOOKMARK [1][-]{section*.597}{Opiskelijan tietoj\344rjestelm\344t}{chapter.12}% 83
\BOOKMARK [1][-]{section*.608}{IRC}{chapter.12}% 84
\BOOKMARK [1][-]{section*.610}{Jodel}{chapter.12}% 85
\BOOKMARK [1][-]{section*.611}{IRC ja Jodel \205 jotain suosittuja lyhenteit\344}{chapter.12}% 86
\BOOKMARK [1][-]{section*.613}{Niksi-Pirkka tietokoneneroille}{chapter.12}% 87
\BOOKMARK [1][-]{section*.616}{Yliopiston hierarkia}{chapter.12}% 88
\BOOKMARK [0][-]{chapter.13}{Opiskelijan sanasto}{}% 89
\BOOKMARK [1][-]{section*.619}{Limeksen j\344seneksi liittyminen}{chapter.13}% 90
\BOOKMARK [1][-]{section*.620}{Syksyll\344 tapahtuu!}{chapter.13}% 91
